<?xml version="1.0" encoding="UTF-8"?>
<!-- Generated by org.testng.reporters.JUnitReportReporter -->
<testsuite hostname="AZ-HYD-LPT-06" failures="0" tests="1" name="appnote.appnote_001" time="10.132" errors="0" timestamp="2024-06-21T14:41:25 IST" skipped="0">
  <testcase classname="appnote.appnote_001" name="appnot" time="10.132"/>
  <system-out/>
</testsuite> <!-- appnote.appnote_001 -->
