<?xml version="1.0" encoding="UTF-8"?>
<!-- Generated by org.testng.reporters.JUnitReportReporter -->
<testsuite hostname="AZ-HYD-LPT-06" failures="0" tests="1" name="coursedays.corsedays_001" time="3.951" errors="0" timestamp="2024-06-19T12:59:31 IST" skipped="0">
  <testcase classname="coursedays.corsedays_001" name="pricing_page" time="3.951"/>
  <system-out/>
</testsuite> <!-- coursedays.corsedays_001 -->
