<?xml version="1.0" encoding="UTF-8"?>
<!-- Generated by org.testng.reporters.JUnitReportReporter -->
<testsuite hostname="AZ-HYD-LPT-06" failures="0" tests="1" name="media.media_001" time="7.613" errors="0" timestamp="2024-06-19T14:33:36 IST" skipped="0">
  <testcase classname="media.media_001" name="media" time="7.613"/>
  <system-out/>
</testsuite> <!-- media.media_001 -->
