<?xml version="1.0" encoding="UTF-8"?>
<!-- Generated by org.testng.reporters.JUnitReportReporter -->
<testsuite hostname="AZ-HYD-LPT-06" failures="0" tests="1" name="salesContact.sales_001" time="11.203" errors="0" timestamp="2024-06-19T12:59:31 IST" skipped="0">
  <testcase classname="salesContact.sales_001" name="login" time="11.203"/>
  <system-out/>
</testsuite> <!-- salesContact.sales_001 -->
