<?xml version="1.0" encoding="UTF-8"?>
<!-- Generated by org.testng.reporters.JUnitReportReporter -->
<testsuite hostname="AZ-HYD-LPT-06" failures="0" tests="1" name="passpercentage.passper_001" time="5.013" errors="0" timestamp="2024-06-19T12:59:31 IST" skipped="0">
  <testcase classname="passpercentage.passper_001" name="passpercentage" time="5.013"/>
  <system-out/>
</testsuite> <!-- passpercentage.passper_001 -->
