<?xml version="1.0" encoding="UTF-8"?>
<!-- Generated by org.testng.reporters.JUnitReportReporter -->
<testsuite hostname="AZ-HYD-LPT-06" failures="0" tests="1" name="pricing.pricing_001" time="11.124" errors="0" timestamp="2024-06-19T12:59:31 IST" skipped="0">
  <testcase classname="pricing.pricing_001" name="pricing_page" time="11.124"/>
  <system-out/>
</testsuite> <!-- pricing.pricing_001 -->
