<?xml version="1.0" encoding="UTF-8"?>
<!-- Generated by org.testng.reporters.JUnitReportReporter -->
<testsuite hostname="AZ-HYD-LPT-06" failures="0" tests="2" name="login.TC_001" time="7.299" errors="0" timestamp="2024-06-24T12:29:41 IST" skipped="0">
  <testcase classname="login.TC_001" name="open_URL" time="2.624"/>
  <system-out/>
  <testcase classname="login.TC_001" name="login" time="4.675"/>
  <system-out/>
</testsuite> <!-- login.TC_001 -->
