<?xml version="1.0" encoding="UTF-8"?>
<!-- Generated by org.testng.reporters.JUnitReportReporter -->
<testsuite hostname="AZ-HYD-LPT-06" failures="0" tests="1" name="taxClass.taxclass_001" time="7.587" errors="0" timestamp="2024-06-17T15:24:42 IST" skipped="0">
  <testcase classname="taxClass.taxclass_001" name="pricing_page" time="7.587"/>
  <system-out/>
</testsuite> <!-- taxClass.taxclass_001 -->
