<?xml version="1.0" encoding="UTF-8"?>
<!-- Generated by org.testng.reporters.JUnitReportReporter -->
<testsuite hostname="AZ-HYD-LPT-06" failures="0" tests="1" name="institution.institution_menu" time="16.433" errors="0" timestamp="2024-06-24T12:29:41 IST" skipped="0">
  <testcase classname="institution.institution_menu" name="Institution_page" time="16.433"/>
  <system-out/>
</testsuite> <!-- institution.institution_menu -->
