<?xml version="1.0" encoding="UTF-8"?>
<!-- Generated by org.testng.reporters.JUnitReportReporter -->
<testsuite hostname="AZ-HYD-LPT-06" failures="0" tests="1" name="ticket.ticket_001" time="8.424" errors="0" timestamp="2024-06-19T12:59:31 IST" skipped="0">
  <testcase classname="ticket.ticket_001" name="ticket" time="8.424"/>
  <system-out/>
</testsuite> <!-- ticket.ticket_001 -->
