<?xml version="1.0" encoding="UTF-8"?>
<!-- Generated by org.testng.reporters.JUnitReportReporter -->
<testsuite hostname="AZ-HYD-LPT-06" failures="0" tests="1" name="hostadmin.ha_001" time="11.293" errors="0" timestamp="2024-06-19T12:59:31 IST" skipped="0">
  <testcase classname="hostadmin.ha_001" name="login" time="11.293"/>
  <system-out/>
</testsuite> <!-- hostadmin.ha_001 -->
